<?xml version="1.0" encoding="UTF-8"?>
<testsuites name="jest tests" tests="4" failures="0" errors="0" time="0.458">
  <testsuite name="ThemedView" errors="0" failures="0" skipped="0" timestamp="2025-06-11T09:49:28" time="0.258" tests="4">
    <testcase classname="ThemedView renders with backgroundColor from useThemeColor" name="ThemedView renders with backgroundColor from useThemeColor" time="0.039">
    </testcase>
    <testcase classname="ThemedView passes style prop correctly" name="ThemedView passes style prop correctly" time="0.001">
    </testcase>
    <testcase classname="ThemedView calls useThemeColor with correct arguments" name="ThemedView calls useThemeColor with correct arguments" time="0.001">
    </testcase>
    <testcase classname="ThemedView forwards other props to View" name="ThemedView forwards other props to View" time="0">
    </testcase>
  </testsuite>
</testsuites>