<?xml version="1.0" encoding="UTF-8"?>
<testsuites name="jest tests" tests="4" failures="0" errors="0" time="2.871">
  <testsuite name="ThemedView" errors="0" failures="0" skipped="0" timestamp="2025-06-11T09:56:25" time="2.43" tests="4">
    <testcase classname="ThemedView renders with backgroundColor from useThemeColor" name="ThemedView renders with backgroundColor from useThemeColor" time="0.29">
    </testcase>
    <testcase classname="ThemedView passes style prop correctly" name="ThemedView passes style prop correctly" time="0.003">
    </testcase>
    <testcase classname="ThemedView calls useThemeColor with correct arguments" name="ThemedView calls useThemeColor with correct arguments" time="0.002">
    </testcase>
    <testcase classname="ThemedView forwards other props to View" name="ThemedView forwards other props to View" time="0.001">
    </testcase>
  </testsuite>
</testsuites>